<?xml version="1.0" encoding="UTF-8"?>
<!-- Generated by org.testng.reporters.JUnitXMLReporter -->
<testsuite ignored="2" hostname="DESKTOP-KQNCDJV" failures="0" tests="0" time="0.058" errors="0" timestamp="2023-02-10T02:01:34 IST">
  <testcase classname="com.actiTime.testscript.TaskModule" name="testcreateTask" time="0.0">
    <ignored/>
  </testcase> <!-- testcreateTask -->
  <testcase classname="com.actiTime.testscript.ProjectModule" name="testCreatreProject" time="0.0">
    <ignored/>
  </testcase> <!-- testCreatreProject -->
</testsuite>
