<?xml version="1.0" encoding="UTF-8"?>
<testng-results ignored="0" total="0" passed="0" failed="0" skipped="0">
  <reporter-output>
    <line>
      <![CDATA[openBrowser]]>
    </line>
    <line>
      <![CDATA[openBrowser]]>
    </line>
    <line>
      <![CDATA[login]]>
    </line>
    <line>
      <![CDATA[Create Customer]]>
    </line>
    <line>
      <![CDATA[login]]>
    </line>
    <line>
      <![CDATA[closeBrowser]]>
    </line>
    <line>
      <![CDATA[Create Project]]>
    </line>
    <line>
      <![CDATA[closeBrowser]]>
    </line>
  </reporter-output>
  <suite started-at="2023-03-03T00:30:29 IST" name="Suite" finished-at="2023-03-03T00:30:29 IST" duration-ms="0">
    <groups>
    </groups>
  </suite> <!-- Suite -->
</testng-results>
